<?xml version="1.0" encoding="UTF-8"?>
<testsuite xmlns:xsi="http://www.w3.org/2001/XMLSchema-instance" xsi:noNamespaceSchemaLocation="https://maven.apache.org/surefire/maven-surefire-plugin/xsd/surefire-test-report-3.0.xsd" version="3.0" name="TestSuite" time="147.799" tests="29" errors="0" skipped="0" failures="3">
  <properties>
[...]
</properties>
  <testcase name="testGetStarted" classname="tests.LandingPageTests" time="2.179">
    <system-out><![CDATA[[INFO ] 2024-11-25 09:44:52.633 [main] LogHelper - Browser value from Testng Xml file:chrome
[INFO ] 2024-11-25 09:44:52.640 [main] LogHelper - Config Reader browser value: chrome
[INFO ] 2024-11-25 09:44:52.642 [main] LogHelper - Browser value inside SetDriver method in TestContext:chrome
[INFO ] 2024-11-25 09:45:01.136 [main] LogHelper - Chrome Driver is created
[INFO ] 2024-11-25 09:45:02.885 [main] LogHelper - Current page is https://dsportalapp.herokuapp.com/
[INFO ] 2024-11-25 09:45:05.165 [main] LogHelper - Current page is https://dsportalapp.herokuapp.com/home
]]></system-out>
    <system-err><![CDATA[[main] WARN org.testng.TestNG - Ignoring duplicate listener : io.qameta.allure.testng.AllureTestNg
[main] WARN org.testng.TestNG - Ignoring duplicate listener : io.qameta.allure.testng.AllureTestNg
[main] WARN org.testng.TestNG - Ignoring duplicate listener : io.qameta.allure.testng.AllureTestNg
Nov 25, 2024 9:45:01 AM org.openqa.selenium.devtools.CdpVersionFinder findNearestMatch
WARNING: Unable to find an exact match for CDP version 131, returning the closest version; found: 129; Please update to a Selenium version that supports CDP version 131
]]></system-err>
  </testcase>
  <testcase name="testGetStarted" classname="tests.LandingPageTests" time="0.907">
    <system-out><![CDATA[[INFO ] 2024-11-25 09:45:52.158 [main] LogHelper - Quitting WebDriver instance: ChromeDriver: chrome on windows (96ce25a0cb3ed5749c3a13394ae12c37)
[INFO ] 2024-11-25 09:45:52.657 [main] LogHelper - Browser value from Testng Xml file:edge
[INFO ] 2024-11-25 09:45:52.658 [main] LogHelper - Config Reader browser value: edge
[INFO ] 2024-11-25 09:45:52.658 [main] LogHelper - Browser value inside SetDriver method in TestContext:edge
[INFO ] 2024-11-25 09:45:56.826 [main] LogHelper - Edge Driver is created
[INFO ] 2024-11-25 09:45:57.553 [main] LogHelper - Current page is https://dsportalapp.herokuapp.com/
[INFO ] 2024-11-25 09:45:58.466 [main] LogHelper - Current page is https://dsportalapp.herokuapp.com/home
]]></system-out>
    <system-err><![CDATA[Nov 25, 2024 9:45:56 AM org.openqa.selenium.devtools.CdpVersionFinder findNearestMatch
WARNING: Unable to find an exact match for CDP version 131, returning the closest version; found: 129; Please update to a Selenium version that supports CDP version 131
]]></system-err>
  </testcase>
  <testcase name="testGetStarted" classname="tests.LandingPageTests" time="0.897">
    <system-out><![CDATA[[INFO ] 2024-11-25 09:46:33.848 [main] LogHelper - Quitting WebDriver instance: EdgeDriver: MicrosoftEdge on windows (84924b23c093b6acecae5a7a002f04a2)
[INFO ] 2024-11-25 09:46:35.395 [main] LogHelper - Browser value from Testng Xml file:firefox
[INFO ] 2024-11-25 09:46:35.395 [main] LogHelper - Config Reader browser value: firefox
[INFO ] 2024-11-25 09:46:35.395 [main] LogHelper - Browser value inside SetDriver method in TestContext:firefox
[INFO ] 2024-11-25 09:46:41.060 [main] LogHelper - Firefox Driver is created
[INFO ] 2024-11-25 09:46:41.983 [main] LogHelper - Current page is https://dsportalapp.herokuapp.com/
[INFO ] 2024-11-25 09:46:42.885 [main] LogHelper - Current page is https://dsportalapp.herokuapp.com/home
]]></system-out>
  </testcase>
  <testcase name="testLandingPageLoadsSuccessfully" classname="tests.LandingPageTests" time="0.047">
    <system-out><![CDATA[[INFO ] 2024-11-25 09:45:05.416 [main] LogHelper - Current page is https://dsportalapp.herokuapp.com/
[INFO ] 2024-11-25 09:45:05.464 [main] LogHelper - Current page is https://dsportalapp.herokuapp.com/
]]></system-out>
  </testcase>
  <testcase name="testLandingPageLoadsSuccessfully" classname="tests.LandingPageTests" time="0.05">
    <system-out><![CDATA[[INFO ] 2024-11-25 09:45:58.635 [main] LogHelper - Current page is https://dsportalapp.herokuapp.com/
[INFO ] 2024-11-25 09:45:58.689 [main] LogHelper - Current page is https://dsportalapp.herokuapp.com/
]]></system-out>
  </testcase>
  <testcase name="testLandingPageLoadsSuccessfully" classname="tests.LandingPageTests" time="0.021">
    <system-out><![CDATA[[INFO ] 2024-11-25 09:46:43.165 [main] LogHelper - Current page is https://dsportalapp.herokuapp.com/
[INFO ] 2024-11-25 09:46:43.185 [main] LogHelper - Current page is https://dsportalapp.herokuapp.com/
]]></system-out>
  </testcase>
  <testcase name="shouldNavigateToGraphPageFromTopicsCovered" classname="tests.GraphPageTests" time="0.483">
    <system-out><![CDATA[[INFO ] 2024-11-25 09:45:05.473 [main] LogHelper - Quitting WebDriver instance: ChromeDriver: chrome on windows (726108ef724963a360957c73d540b23b)
[INFO ] 2024-11-25 09:45:05.695 [main] LogHelper - Browser value from Testng Xml file:chrome
[INFO ] 2024-11-25 09:45:05.695 [main] LogHelper - Config Reader browser value: chrome
[INFO ] 2024-11-25 09:45:05.695 [main] LogHelper - Browser value inside SetDriver method in TestContext:chrome
[INFO ] 2024-11-25 09:45:08.715 [main] LogHelper - Chrome Driver is created
[INFO ] 2024-11-25 09:45:11.086 [main] LogHelper - Navigated to Graph page: https://dsportalapp.herokuapp.com/graph/
[INFO ] 2024-11-25 09:45:11.573 [main] LogHelper - Current page is: https://dsportalapp.herokuapp.com/graph/graph/
]]></system-out>
    <system-err><![CDATA[Nov 25, 2024 9:45:08 AM org.openqa.selenium.devtools.CdpVersionFinder findNearestMatch
WARNING: Unable to find an exact match for CDP version 131, returning the closest version; found: 129; Please update to a Selenium version that supports CDP version 131
]]></system-err>
  </testcase>
  <testcase name="shouldNavigateToGraphPageFromTopicsCovered" classname="tests.GraphPageTests" time="0.479">
    <system-out><![CDATA[[INFO ] 2024-11-25 09:45:58.694 [main] LogHelper - Quitting WebDriver instance: EdgeDriver: MicrosoftEdge on windows (263e520ab160db56e80d1cfc4556dd18)
[INFO ] 2024-11-25 09:46:00.153 [main] LogHelper - Browser value from Testng Xml file:edge
[INFO ] 2024-11-25 09:46:00.154 [main] LogHelper - Config Reader browser value: edge
[INFO ] 2024-11-25 09:46:00.154 [main] LogHelper - Browser value inside SetDriver method in TestContext:edge
[INFO ] 2024-11-25 09:46:03.931 [main] LogHelper - Edge Driver is created
[INFO ] 2024-11-25 09:46:06.502 [main] LogHelper - Navigated to Graph page: https://dsportalapp.herokuapp.com/graph/
[INFO ] 2024-11-25 09:46:07.033 [main] LogHelper - Current page is: https://dsportalapp.herokuapp.com/graph/graph/
]]></system-out>
    <system-err><![CDATA[Nov 25, 2024 9:46:03 AM org.openqa.selenium.devtools.CdpVersionFinder findNearestMatch
WARNING: Unable to find an exact match for CDP version 131, returning the closest version; found: 129; Please update to a Selenium version that supports CDP version 131
]]></system-err>
  </testcase>
  <testcase name="shouldNavigateToGraphPageFromTopicsCovered" classname="tests.GraphPageTests" time="0.406">
    <system-out><![CDATA[[INFO ] 2024-11-25 09:46:43.191 [main] LogHelper - Quitting WebDriver instance: FirefoxDriver: firefox on windows (0b3e78d7-458f-4a66-a015-8269d8baa22d)
[INFO ] 2024-11-25 09:46:46.071 [main] LogHelper - Browser value from Testng Xml file:firefox
[INFO ] 2024-11-25 09:46:46.071 [main] LogHelper - Config Reader browser value: firefox
[INFO ] 2024-11-25 09:46:46.071 [main] LogHelper - Browser value inside SetDriver method in TestContext:firefox
[INFO ] 2024-11-25 09:46:50.012 [main] LogHelper - Firefox Driver is created
[INFO ] 2024-11-25 09:46:52.347 [main] LogHelper - Navigated to Graph page: https://dsportalapp.herokuapp.com/graph/
[INFO ] 2024-11-25 09:46:52.765 [main] LogHelper - Current page is: https://dsportalapp.herokuapp.com/graph/graph/
]]></system-out>
  </testcase>
  <testcase name="shouldNavigateToGraphRepresentationsPageFromGraph" classname="tests.GraphPageTests" time="0.71">
    <system-out><![CDATA[[INFO ] 2024-11-25 09:45:12.956 [main] LogHelper - Navigated to Graph page: https://dsportalapp.herokuapp.com/graph/
[INFO ] 2024-11-25 09:45:13.667 [main] LogHelper - Current page is: https://dsportalapp.herokuapp.com/graph/graph-representations/
]]></system-out>
  </testcase>
  <testcase name="shouldNavigateToGraphRepresentationsPageFromGraph" classname="tests.GraphPageTests" time="0.765">
    <system-out><![CDATA[[INFO ] 2024-11-25 09:46:08.561 [main] LogHelper - Navigated to Graph page: https://dsportalapp.herokuapp.com/graph/
[INFO ] 2024-11-25 09:46:09.326 [main] LogHelper - Current page is: https://dsportalapp.herokuapp.com/graph/graph-representations/
]]></system-out>
  </testcase>
  <testcase name="shouldNavigateToGraphRepresentationsPageFromGraph" classname="tests.GraphPageTests" time="0.741">
    <system-out><![CDATA[[INFO ] 2024-11-25 09:46:53.978 [main] LogHelper - Navigated to Graph page: https://dsportalapp.herokuapp.com/graph/
[INFO ] 2024-11-25 09:46:54.718 [main] LogHelper - Current page is: https://dsportalapp.herokuapp.com/graph/graph-representations/
]]></system-out>
  </testcase>
  <testcase name="shouldNavigateToGraphRepresentationsPageFromTopicsCovered" classname="tests.GraphPageTests" time="0.532">
    <system-out><![CDATA[[INFO ] 2024-11-25 09:45:14.917 [main] LogHelper - Navigated to Graph page: https://dsportalapp.herokuapp.com/graph/
[INFO ] 2024-11-25 09:45:15.449 [main] LogHelper - Current page is: https://dsportalapp.herokuapp.com/graph/graph-representations/
]]></system-out>
  </testcase>
  <testcase name="shouldNavigateToGraphRepresentationsPageFromTopicsCovered" classname="tests.GraphPageTests" time="0.58">
    <system-out><![CDATA[[INFO ] 2024-11-25 09:46:11.035 [main] LogHelper - Navigated to Graph page: https://dsportalapp.herokuapp.com/graph/
[INFO ] 2024-11-25 09:46:11.618 [main] LogHelper - Current page is: https://dsportalapp.herokuapp.com/graph/graph-representations/
]]></system-out>
  </testcase>
  <testcase name="shouldNavigateToGraphRepresentationsPageFromTopicsCovered" classname="tests.GraphPageTests" time="0.354">
    <system-out><![CDATA[[INFO ] 2024-11-25 09:46:56.332 [main] LogHelper - Navigated to Graph page: https://dsportalapp.herokuapp.com/graph/
[INFO ] 2024-11-25 09:46:56.686 [main] LogHelper - Current page is: https://dsportalapp.herokuapp.com/graph/graph-representations/
]]></system-out>
  </testcase>
  <testcase name="shouldNavigateToPracticeQuestionsPageFromGraphRepresentations" classname="tests.GraphPageTests" time="11.247">
    <failure message="functionality not implemented" type="java.lang.AssertionError"><![CDATA[java.lang.AssertionError: functionality not implemented
	at tests.GraphPageTests.assertPageUrlAndHeading(GraphPageTests.java:78)
	at tests.GraphPageTests.shouldNavigateToPracticeQuestionsPageFromGraphRepresentations(GraphPageTests.java:57)
Caused by: org.openqa.selenium.TimeoutException: Expected condition failed: waiting for visibility of Proxy element for: DefaultElementLocator 'By.xpath: //strong//p[contains(@class,'bg-secondary')]' (tried for 10 second(s) with 500 milliseconds interval)
	at tests.GraphPageTests.assertPageUrlAndHeading(GraphPageTests.java:78)
	at tests.GraphPageTests.shouldNavigateToPracticeQuestionsPageFromGraphRepresentations(GraphPageTests.java:57)
Caused by: org.openqa.selenium.NoSuchElementException: 
no such element: Unable to locate element: {"method":"xpath","selector":"//strong//p[contains(@class,'bg-secondary')]"}
  (Session info: chrome=131.0.6778.86)
For documentation on this error, please visit: https://www.selenium.dev/documentation/webdriver/troubleshooting/errors#no-such-element-exception
Build info: version: '4.25.0', revision: '8a8aea2337'
System info: os.name: 'Windows 11', os.arch: 'amd64', os.version: '10.0', java.version: '22.0.2'
Driver info: org.openqa.selenium.chrome.ChromeDriver
Command: [872d8b22f0920c5316970563e97bd3b7, findElement {value=//strong//p[contains(@class,'bg-secondary')], using=xpath}]
Capabilities {acceptInsecureCerts: false, browserName: chrome, browserVersion: 131.0.6778.86, chrome: {chromedriverVersion: 131.0.6778.85 (3d81e41b6f3a..., userDataDir: C:\Users\srivi\AppData\Loca...}, fedcm:accounts: true, goog:chromeOptions: {debuggerAddress: localhost:52283}, networkConnectionEnabled: false, pageLoadStrategy: normal, platformName: windows, proxy: Proxy(), se:cdp: ws://localhost:52283/devtoo..., se:cdpVersion: 131.0.6778.86, setWindowRect: true, strictFileInteractability: false, timeouts: {implicit: 0, pageLoad: 300000, script: 30000}, unhandledPromptBehavior: dismiss and notify, webauthn:extension:credBlob: true, webauthn:extension:largeBlob: true, webauthn:extension:minPinLength: true, webauthn:extension:prf: true, webauthn:virtualAuthenticators: true}
Session ID: 872d8b22f0920c5316970563e97bd3b7
	at tests.GraphPageTests.assertPageUrlAndHeading(GraphPageTests.java:78)
	at tests.GraphPageTests.shouldNavigateToPracticeQuestionsPageFromGraphRepresentations(GraphPageTests.java:57)
]]></failure>
    <system-out><![CDATA[[INFO ] 2024-11-25 09:45:16.902 [main] LogHelper - Navigated to Graph page: https://dsportalapp.herokuapp.com/graph/
[ERROR] 2024-11-25 09:45:27.877 [main] LogHelper - Page heading element is missing. This indicates a missing functionality.
]]></system-out>
  </testcase>
  <testcase name="shouldNavigateToPracticeQuestionsPageFromGraphRepresentations" classname="tests.GraphPageTests" time="11.163">
    <failure message="functionality not implemented" type="java.lang.AssertionError"><![CDATA[java.lang.AssertionError: functionality not implemented
	at tests.GraphPageTests.assertPageUrlAndHeading(GraphPageTests.java:78)
	at tests.GraphPageTests.shouldNavigateToPracticeQuestionsPageFromGraphRepresentations(GraphPageTests.java:57)
Caused by: org.openqa.selenium.TimeoutException: Expected condition failed: waiting for visibility of Proxy element for: DefaultElementLocator 'By.xpath: //strong//p[contains(@class,'bg-secondary')]' (tried for 10 second(s) with 500 milliseconds interval)
	at tests.GraphPageTests.assertPageUrlAndHeading(GraphPageTests.java:78)
	at tests.GraphPageTests.shouldNavigateToPracticeQuestionsPageFromGraphRepresentations(GraphPageTests.java:57)
Caused by: org.openqa.selenium.NoSuchElementException: 
no such element: Unable to locate element: {"method":"xpath","selector":"//strong//p[contains(@class,'bg-secondary')]"}
  (Session info: MicrosoftEdge=131.0.2903.63)
For documentation on this error, please visit: https://www.selenium.dev/documentation/webdriver/troubleshooting/errors#no-such-element-exception
Build info: version: '4.25.0', revision: '8a8aea2337'
System info: os.name: 'Windows 11', os.arch: 'amd64', os.version: '10.0', java.version: '22.0.2'
Driver info: org.openqa.selenium.edge.EdgeDriver
Command: [84924b23c093b6acecae5a7a002f04a2, findElement {value=//strong//p[contains(@class,'bg-secondary')], using=xpath}]
Capabilities {acceptInsecureCerts: false, browserName: MicrosoftEdge, browserVersion: 131.0.2903.63, fedcm:accounts: true, ms:edgeOptions: {debuggerAddress: localhost:52511}, msedge: {msedgedriverVersion: 131.0.2903.63 (3cf4b3e782aa..., userDataDir: C:\Users\srivi\AppData\Loca...}, networkConnectionEnabled: false, pageLoadStrategy: normal, platformName: windows, proxy: Proxy(), se:cdp: ws://localhost:52511/devtoo..., se:cdpVersion: 131.0.2903.63, setWindowRect: true, strictFileInteractability: false, timeouts: {implicit: 0, pageLoad: 300000, script: 30000}, unhandledPromptBehavior: dismiss and notify, webauthn:extension:credBlob: true, webauthn:extension:largeBlob: true, webauthn:extension:minPinLength: true, webauthn:extension:prf: true, webauthn:virtualAuthenticators: true}
Session ID: 84924b23c093b6acecae5a7a002f04a2
	at tests.GraphPageTests.assertPageUrlAndHeading(GraphPageTests.java:78)
	at tests.GraphPageTests.shouldNavigateToPracticeQuestionsPageFromGraphRepresentations(GraphPageTests.java:57)
]]></failure>
    <system-out><![CDATA[[INFO ] 2024-11-25 09:46:13.713 [main] LogHelper - Navigated to Graph page: https://dsportalapp.herokuapp.com/graph/
[ERROR] 2024-11-25 09:46:24.993 [main] LogHelper - Page heading element is missing. This indicates a missing functionality.
]]></system-out>
  </testcase>
  <testcase name="shouldNavigateToPracticeQuestionsPageFromGraphRepresentations" classname="tests.GraphPageTests" time="10.931">
    <failure message="functionality not implemented" type="java.lang.AssertionError"><![CDATA[java.lang.AssertionError: functionality not implemented
	at tests.GraphPageTests.assertPageUrlAndHeading(GraphPageTests.java:78)
	at tests.GraphPageTests.shouldNavigateToPracticeQuestionsPageFromGraphRepresentations(GraphPageTests.java:57)
Caused by: org.openqa.selenium.TimeoutException: Expected condition failed: waiting for visibility of Proxy element for: DefaultElementLocator 'By.xpath: //strong//p[contains(@class,'bg-secondary')]' (tried for 10 second(s) with 500 milliseconds interval)
	at tests.GraphPageTests.assertPageUrlAndHeading(GraphPageTests.java:78)
	at tests.GraphPageTests.shouldNavigateToPracticeQuestionsPageFromGraphRepresentations(GraphPageTests.java:57)
Caused by: org.openqa.selenium.NoSuchElementException: 
Unable to locate element: //strong//p[contains(@class,'bg-secondary')]
For documentation on this error, please visit: https://www.selenium.dev/documentation/webdriver/troubleshooting/errors#no-such-element-exception
Build info: version: '4.25.0', revision: '8a8aea2337'
System info: os.name: 'Windows 11', os.arch: 'amd64', os.version: '10.0', java.version: '22.0.2'
Driver info: org.openqa.selenium.firefox.FirefoxDriver
Command: [60cbdf22-fc15-490f-aa5f-2172f7f8fb54, findElement {value=//strong//p[contains(@class,'bg-secondary')], using=xpath}]
Capabilities {acceptInsecureCerts: true, browserName: firefox, browserVersion: 132.0.2, moz:accessibilityChecks: false, moz:buildID: 20241110231641, moz:debuggerAddress: 127.0.0.1:7869, moz:geckodriverVersion: 0.35.0, moz:headless: true, moz:platformVersion: 10.0, moz:processID: 13640, moz:profile: C:\Users\srivi\AppData\Loca..., moz:shutdownTimeout: 60000, moz:webdriverClick: true, moz:windowless: false, pageLoadStrategy: normal, platformName: windows, proxy: Proxy(), se:cdp: ws://127.0.0.1:7869/devtool..., se:cdpVersion: 85.0, setWindowRect: true, strictFileInteractability: false, timeouts: {implicit: 0, pageLoad: 300000, script: 30000}, unhandledPromptBehavior: dismiss and notify, userAgent: Mozilla/5.0 (Windows NT 10....}
Session ID: 60cbdf22-fc15-490f-aa5f-2172f7f8fb54
	at tests.GraphPageTests.assertPageUrlAndHeading(GraphPageTests.java:78)
	at tests.GraphPageTests.shouldNavigateToPracticeQuestionsPageFromGraphRepresentations(GraphPageTests.java:57)
]]></failure>
    <system-out><![CDATA[[INFO ] 2024-11-25 09:46:57.786 [main] LogHelper - Navigated to Graph page: https://dsportalapp.herokuapp.com/graph/
[ERROR] 2024-11-25 09:47:08.712 [main] LogHelper - Page heading element is missing. This indicates a missing functionality.
]]></system-out>
  </testcase>
  <testcase name="shouldNavigateToTryEditorFromGraph" classname="tests.GraphPageTests" time="2.16">
    <system-out><![CDATA[[INFO ] 2024-11-25 09:45:30.449 [main] LogHelper - Navigated to Graph page: https://dsportalapp.herokuapp.com/graph/
[INFO ] 2024-11-25 09:45:32.495 [main] LogHelper - Navigated to Try Editor: https://dsportalapp.herokuapp.com/tryEditor
]]></system-out>
  </testcase>
  <testcase name="shouldNavigateToTryEditorFromGraph" classname="tests.GraphPageTests" time="1.553">
    <system-out><![CDATA[[INFO ] 2024-11-25 09:46:27.175 [main] LogHelper - Navigated to Graph page: https://dsportalapp.herokuapp.com/graph/
[INFO ] 2024-11-25 09:46:28.732 [main] LogHelper - Navigated to Try Editor: https://dsportalapp.herokuapp.com/tryEditor
]]></system-out>
  </testcase>
  <testcase name="shouldNavigateToTryEditorFromGraph" classname="tests.GraphPageTests" time="1.848">
    <system-out><![CDATA[[INFO ] 2024-11-25 09:47:09.799 [main] LogHelper - Navigated to Graph page: https://dsportalapp.herokuapp.com/graph/
[INFO ] 2024-11-25 09:47:11.675 [main] LogHelper - Navigated to Try Editor: https://dsportalapp.herokuapp.com/tryEditor
]]></system-out>
  </testcase>
  <testcase name="shouldNavigateToTryEditorFromGraphRepresentations" classname="tests.GraphPageTests" time="2.312">
    <system-out><![CDATA[[INFO ] 2024-11-25 09:45:34.809 [main] LogHelper - Navigated to Graph page: https://dsportalapp.herokuapp.com/graph/
[INFO ] 2024-11-25 09:45:37.034 [main] LogHelper - Navigated to Try Editor: https://dsportalapp.herokuapp.com/tryEditor
]]></system-out>
  </testcase>
  <testcase name="shouldNavigateToTryEditorFromGraphRepresentations" classname="tests.GraphPageTests" time="0.9">
    <system-out><![CDATA[[INFO ] 2024-11-25 09:46:30.695 [main] LogHelper - Navigated to Graph page: https://dsportalapp.herokuapp.com/graph/
[INFO ] 2024-11-25 09:46:31.593 [main] LogHelper - Navigated to Try Editor: https://dsportalapp.herokuapp.com/tryEditor
]]></system-out>
  </testcase>
  <testcase name="shouldNavigateToTryEditorFromGraphRepresentations" classname="tests.GraphPageTests" time="0.743">
    <system-out><![CDATA[[INFO ] 2024-11-25 09:47:13.083 [main] LogHelper - Navigated to Graph page: https://dsportalapp.herokuapp.com/graph/
[INFO ] 2024-11-25 09:47:13.825 [main] LogHelper - Navigated to Try Editor: https://dsportalapp.herokuapp.com/tryEditor
]]></system-out>
  </testcase>
  <testcase name="shouldLoadGraphHomePageSuccessfully" classname="tests.GraphPageTests" time="0.036">
    <system-out><![CDATA[[INFO ] 2024-11-25 09:45:39.662 [main] LogHelper - Navigated to Graph page: https://dsportalapp.herokuapp.com/graph/
[INFO ] 2024-11-25 09:45:39.699 [main] LogHelper - Current page is https://dsportalapp.herokuapp.com/graph/
]]></system-out>
  </testcase>
  <testcase name="shouldLoadGraphHomePageSuccessfully" classname="tests.GraphPageTests" time="0.033">
    <system-out><![CDATA[[INFO ] 2024-11-25 09:46:33.810 [main] LogHelper - Navigated to Graph page: https://dsportalapp.herokuapp.com/graph/
[INFO ] 2024-11-25 09:46:33.843 [main] LogHelper - Current page is https://dsportalapp.herokuapp.com/graph/
]]></system-out>
  </testcase>
  <testcase name="shouldLoadGraphHomePageSuccessfully" classname="tests.GraphPageTests" time="0.022">
    <system-out><![CDATA[[INFO ] 2024-11-25 09:47:14.920 [main] LogHelper - Navigated to Graph page: https://dsportalapp.herokuapp.com/graph/
[INFO ] 2024-11-25 09:47:14.945 [main] LogHelper - Current page is https://dsportalapp.herokuapp.com/graph/
]]></system-out>
  </testcase>
  <testcase name="shouldRunInvalidPythonCode" classname="tests.TryEditorPageTests" time="0.548">
    <system-out><![CDATA[[INFO ] 2024-11-25 09:45:39.704 [main] LogHelper - Quitting WebDriver instance: ChromeDriver: chrome on windows (872d8b22f0920c5316970563e97bd3b7)
[INFO ] 2024-11-25 09:45:40.065 [main] LogHelper - Browser value from Testng Xml file:chrome
[INFO ] 2024-11-25 09:45:40.065 [main] LogHelper - Config Reader browser value: chrome
[INFO ] 2024-11-25 09:45:40.065 [main] LogHelper - Browser value inside SetDriver method in TestContext:chrome
[INFO ] 2024-11-25 09:45:44.455 [main] LogHelper - Chrome Driver is created
[INFO ] 2024-11-25 09:45:48.747 [main] LogHelper - Navigated to Try Editor page: https://dsportalapp.herokuapp.com/tryEditor
[INFO ] 2024-11-25 09:45:49.266 [main] LogHelper - Checking for alert. WebDriver instance: ChromeDriver: chrome on windows (96ce25a0cb3ed5749c3a13394ae12c37), Thread ID: 1
[INFO ] 2024-11-25 09:45:49.301 [main] LogHelper - Alert message received: NameError: name 'hello' is not defined on line 1
[INFO ] 2024-11-25 09:45:49.301 [main] LogHelper - Comparing the alert message with the expected output: NameError: name 'hello' is not defined on line 1
]]></system-out>
    <system-err><![CDATA[Nov 25, 2024 9:45:44 AM org.openqa.selenium.devtools.CdpVersionFinder findNearestMatch
WARNING: Unable to find an exact match for CDP version 131, returning the closest version; found: 129; Please update to a Selenium version that supports CDP version 131
]]></system-err>
  </testcase>
  <testcase name="shouldRunValidPythonCode" classname="tests.TryEditorPageTests" time="0.561">
    <system-out><![CDATA[[INFO ] 2024-11-25 09:45:51.589 [main] LogHelper - Navigated to Try Editor page: https://dsportalapp.herokuapp.com/tryEditor
[INFO ] 2024-11-25 09:45:52.151 [main] LogHelper - Actual Output: hello
[INFO ] 2024-11-25 09:45:52.152 [main] LogHelper - Comparing the actual output with the expected output: hello
]]></system-out>
  </testcase>
</testsuite>